<?xml version="1.0" encoding="UTF-8"?>
<!-- Generated by org.testng.reporters.JUnitReportReporter -->
<testsuite hostname="DESKTOP-BJLMQ64" failures="0" tests="1" name="seleniumtasks.Brokenlinkstask1" time="60.030" errors="0" timestamp="2023-11-09T06:45:40 IST" skipped="0">
  <testcase classname="seleniumtasks.Brokenlinkstask1" name="main" time="60.030"/>
</testsuite> <!-- seleniumtasks.Brokenlinkstask1 -->
